11:49:42.370  INFO  manager.Configuration - Device name --> 'Nex'; Platform --> 'Android'; Version --> '8.0'
11:49:42.377  INFO  manager.Configuration -  App version ---> '0.0.3' 
11:50:01.938  INFO  manager.Configuration - Test start with user --->User(email=wick@gmail.com, password=Ww12345$)
11:50:02.470  INFO  manager.MyListener - Before find by --->By.xpath: //*[@resource-id='com.example.svetlana.scheduler:id/log_email_input']
11:50:02.908  INFO  manager.MyListener - We have a problem -->An element could not be located on the page using the given search parameters.
For documentation on this error, please visit: https://www.seleniumhq.org/exceptions/no_such_element.html
Build info: version: '4.0.0-alpha-1', revision: 'd1d3728cae', time: '2019-04-24T13:42:21'
System info: host: 'MacBook-Pro-Taya.local', ip: 'fe80:0:0:0:14ec:6267:8fcb:21fb%en0', os.name: 'Mac OS X', os.arch: 'x86_64', os.version: '11.6.5', java.version: '11.0.15.1'
Driver info: io.appium.java_client.AppiumDriver
Capabilities {app: /Users/tayahatum/Downloads/..., appActivity: .presentation.splashScreen...., appPackage: com.example.svetlana.scheduler, automationName: Appium, databaseEnabled: false, desired: {app: /Users/tayahatum/Downloads/..., appActivity: .presentation.splashScreen...., appPackage: com.example.svetlana.scheduler, automationName: Appium, deviceName: Nex, platformName: android, platformVersion: 8.0}, deviceApiLevel: 26, deviceManufacturer: Google, deviceModel: Android SDK built for x86, deviceName: emulator-5554, deviceScreenDensity: 480, deviceScreenSize: 1080x1920, deviceUDID: emulator-5554, javascriptEnabled: true, locationContextEnabled: false, networkConnectionEnabled: true, pixelRatio: 3, platform: LINUX, platformName: Android, platformVersion: 8.0.0, statBarHeight: 72, takesScreenshot: true, viewportRect: {height: 1704, left: 0, top: 72, width: 1080}, warnings: {}, webStorageEnabled: false}
Session ID: fca031f0-055a-4123-9e42-f031e8830bdb
*** Element info: {Using=xpath, value=//*[@resource-id='com.example.svetlana.scheduler:id/log_email_input']}
11:50:02.911  INFO  manager.MyListener - We have a problem -->org.openqa.selenium.NoSuchElementException: An element could not be located on the page using the given search parameters.
For documentation on this error, please visit: https://www.seleniumhq.org/exceptions/no_such_element.html
Build info: version: '4.0.0-alpha-1', revision: 'd1d3728cae', time: '2019-04-24T13:42:21'
System info: host: 'MacBook-Pro-Taya.local', ip: 'fe80:0:0:0:14ec:6267:8fcb:21fb%en0', os.name: 'Mac OS X', os.arch: 'x86_64', os.version: '11.6.5', java.version: '11.0.15.1'
Driver info: io.appium.java_client.AppiumDriver
Capabilities {app: /Users/tayahatum/Downloads/..., appActivity: .presentation.splashScreen...., appPackage: com.example.svetlana.scheduler, automationName: Appium, databaseEnabled: false, desired: {app: /Users/tayahatum/Downloads/..., appActivity: .presentation.splashScreen...., appPackage: com.example.svetlana.scheduler, automationName: Appium, deviceName: Nex, platformName: android, platformVersion: 8.0}, deviceApiLevel: 26, deviceManufacturer: Google, deviceModel: Android SDK built for x86, deviceName: emulator-5554, deviceScreenDensity: 480, deviceScreenSize: 1080x1920, deviceUDID: emulator-5554, javascriptEnabled: true, locationContextEnabled: false, networkConnectionEnabled: true, pixelRatio: 3, platform: LINUX, platformName: Android, platformVersion: 8.0.0, statBarHeight: 72, takesScreenshot: true, viewportRect: {height: 1704, left: 0, top: 72, width: 1080}, warnings: {}, webStorageEnabled: false}
Session ID: fca031f0-055a-4123-9e42-f031e8830bdb
*** Element info: {Using=xpath, value=//*[@resource-id='com.example.svetlana.scheduler:id/log_email_input']}
11:50:04.817  INFO  manager.MyListener - After find by ---->By.xpath: //*[@resource-id='com.example.svetlana.scheduler:id/log_email_input']
11:50:05.378  INFO  manager.MyListener - Before find by --->By.xpath: //*[@resource-id='com.example.svetlana.scheduler:id/log_email_input']
11:50:06.020  INFO  manager.MyListener - After find by ---->By.xpath: //*[@resource-id='com.example.svetlana.scheduler:id/log_email_input']
11:50:06.165  INFO  manager.MyListener - Before find by --->By.xpath: //*[@resource-id='com.example.svetlana.scheduler:id/log_email_input']
11:50:06.633  INFO  manager.MyListener - After find by ---->By.xpath: //*[@resource-id='com.example.svetlana.scheduler:id/log_email_input']
11:50:07.016  INFO  manager.MyListener - Before find by --->By.xpath: //*[@resource-id='com.example.svetlana.scheduler:id/log_email_input']
11:50:08.540  INFO  manager.MyListener - After find by ---->By.xpath: //*[@resource-id='com.example.svetlana.scheduler:id/log_email_input']
11:50:08.908  INFO  manager.MyListener - Before find by --->By.xpath: //*[@resource-id='com.example.svetlana.scheduler:id/log_email_input']
11:50:09.702  INFO  manager.MyListener - After find by ---->By.xpath: //*[@resource-id='com.example.svetlana.scheduler:id/log_email_input']
11:50:10.707  INFO  manager.MyListener - Before find by --->By.xpath: //*[@resource-id='com.example.svetlana.scheduler:id/log_password_input']
11:50:11.493  INFO  manager.MyListener - After find by ---->By.xpath: //*[@resource-id='com.example.svetlana.scheduler:id/log_password_input']
11:50:11.728  INFO  manager.MyListener - Before find by --->By.xpath: //*[@resource-id='com.example.svetlana.scheduler:id/log_password_input']
11:50:13.057  INFO  manager.MyListener - After find by ---->By.xpath: //*[@resource-id='com.example.svetlana.scheduler:id/log_password_input']
11:50:13.445  INFO  manager.MyListener - Before find by --->By.xpath: //*[@resource-id='com.example.svetlana.scheduler:id/log_password_input']
11:50:13.988  INFO  manager.MyListener - After find by ---->By.xpath: //*[@resource-id='com.example.svetlana.scheduler:id/log_password_input']
11:50:15.837  INFO  manager.MyListener - Before find by --->By.xpath: //*[@resource-id='com.example.svetlana.scheduler:id/login_btn']
11:50:16.551  INFO  manager.MyListener - After find by ---->By.xpath: //*[@resource-id='com.example.svetlana.scheduler:id/login_btn']
11:50:21.701  INFO  manager.MyListener - Before find by --->By.xpath: //*[@resource-id='com.example.svetlana.scheduler:id/fab_main']
11:50:30.418  INFO  manager.MyListener - After find by ---->By.xpath: //*[@resource-id='com.example.svetlana.scheduler:id/fab_main']
11:50:30.487  INFO  manager.MyListener - Before find by --->By.xpath: //*[@resource-id='com.example.svetlana.scheduler:id/fab_main']
11:50:32.337  INFO  manager.MyListener - After find by ---->By.xpath: //*[@resource-id='com.example.svetlana.scheduler:id/fab_main']
11:50:32.405  INFO  manager.MyListener - Before find by --->By.xpath: //*[@content-desc='Open']
11:50:35.116  INFO  manager.MyListener - After find by ---->By.xpath: //*[@content-desc='Open']
11:50:35.197  INFO  manager.MyListener - Before find by --->By.xpath: //*[@content-desc='Open']
11:50:37.500  INFO  manager.MyListener - After find by ---->By.xpath: //*[@content-desc='Open']
11:50:37.586  INFO  manager.MyListener - Before find by --->By.xpath: //*[@resource-id='com.example.svetlana.scheduler:id/nav_fr_logout']
11:50:41.108  INFO  manager.MyListener - After find by ---->By.xpath: //*[@resource-id='com.example.svetlana.scheduler:id/nav_fr_logout']
11:50:41.344  INFO  manager.Configuration - Test start with user --->User(email=noa@gmail.com, password=Nnoa12345$)
11:50:41.939  INFO  manager.MyListener - Before find by --->By.xpath: //*[@resource-id='com.example.svetlana.scheduler:id/log_email_input']
11:50:43.561  INFO  manager.MyListener - After find by ---->By.xpath: //*[@resource-id='com.example.svetlana.scheduler:id/log_email_input']
11:50:44.985  INFO  manager.MyListener - Before find by --->By.xpath: //*[@resource-id='com.example.svetlana.scheduler:id/log_email_input']
11:50:45.407  INFO  manager.MyListener - After find by ---->By.xpath: //*[@resource-id='com.example.svetlana.scheduler:id/log_email_input']
11:50:46.904  INFO  manager.MyListener - Before find by --->By.xpath: //*[@resource-id='com.example.svetlana.scheduler:id/log_email_input']
11:50:48.219  INFO  manager.MyListener - After find by ---->By.xpath: //*[@resource-id='com.example.svetlana.scheduler:id/log_email_input']
11:50:50.513  INFO  manager.MyListener - Before find by --->By.xpath: //*[@resource-id='com.example.svetlana.scheduler:id/log_email_input']
11:50:51.485  INFO  manager.MyListener - After find by ---->By.xpath: //*[@resource-id='com.example.svetlana.scheduler:id/log_email_input']
11:50:52.486  INFO  manager.MyListener - Before find by --->By.xpath: //*[@resource-id='com.example.svetlana.scheduler:id/log_password_input']
11:50:53.136  INFO  manager.MyListener - After find by ---->By.xpath: //*[@resource-id='com.example.svetlana.scheduler:id/log_password_input']
11:50:53.318  INFO  manager.MyListener - Before find by --->By.xpath: //*[@resource-id='com.example.svetlana.scheduler:id/log_password_input']
11:50:54.413  INFO  manager.MyListener - After find by ---->By.xpath: //*[@resource-id='com.example.svetlana.scheduler:id/log_password_input']
11:50:54.882  INFO  manager.MyListener - Before find by --->By.xpath: //*[@resource-id='com.example.svetlana.scheduler:id/log_password_input']
11:50:55.308  INFO  manager.MyListener - After find by ---->By.xpath: //*[@resource-id='com.example.svetlana.scheduler:id/log_password_input']
11:50:56.900  INFO  manager.MyListener - Before find by --->By.xpath: //*[@resource-id='com.example.svetlana.scheduler:id/login_btn']
11:50:57.400  INFO  manager.MyListener - After find by ---->By.xpath: //*[@resource-id='com.example.svetlana.scheduler:id/login_btn']
11:50:58.338  INFO  manager.MyListener - Before find by --->By.xpath: //*[@resource-id='com.example.svetlana.scheduler:id/fab_main']
11:51:00.722  INFO  manager.MyListener - We have a problem -->An element could not be located on the page using the given search parameters.
For documentation on this error, please visit: https://www.seleniumhq.org/exceptions/no_such_element.html
Build info: version: '4.0.0-alpha-1', revision: 'd1d3728cae', time: '2019-04-24T13:42:21'
System info: host: 'MacBook-Pro-Taya.local', ip: 'fe80:0:0:0:14ec:6267:8fcb:21fb%en0', os.name: 'Mac OS X', os.arch: 'x86_64', os.version: '11.6.5', java.version: '11.0.15.1'
Driver info: io.appium.java_client.AppiumDriver
Capabilities {app: /Users/tayahatum/Downloads/..., appActivity: .presentation.splashScreen...., appPackage: com.example.svetlana.scheduler, automationName: Appium, databaseEnabled: false, desired: {app: /Users/tayahatum/Downloads/..., appActivity: .presentation.splashScreen...., appPackage: com.example.svetlana.scheduler, automationName: Appium, deviceName: Nex, platformName: android, platformVersion: 8.0}, deviceApiLevel: 26, deviceManufacturer: Google, deviceModel: Android SDK built for x86, deviceName: emulator-5554, deviceScreenDensity: 480, deviceScreenSize: 1080x1920, deviceUDID: emulator-5554, javascriptEnabled: true, locationContextEnabled: false, networkConnectionEnabled: true, pixelRatio: 3, platform: LINUX, platformName: Android, platformVersion: 8.0.0, statBarHeight: 72, takesScreenshot: true, viewportRect: {height: 1704, left: 0, top: 72, width: 1080}, warnings: {}, webStorageEnabled: false}
Session ID: fca031f0-055a-4123-9e42-f031e8830bdb
*** Element info: {Using=xpath, value=//*[@resource-id='com.example.svetlana.scheduler:id/fab_main']}
11:51:00.724  INFO  manager.MyListener - We have a problem -->org.openqa.selenium.NoSuchElementException: An element could not be located on the page using the given search parameters.
For documentation on this error, please visit: https://www.seleniumhq.org/exceptions/no_such_element.html
Build info: version: '4.0.0-alpha-1', revision: 'd1d3728cae', time: '2019-04-24T13:42:21'
System info: host: 'MacBook-Pro-Taya.local', ip: 'fe80:0:0:0:14ec:6267:8fcb:21fb%en0', os.name: 'Mac OS X', os.arch: 'x86_64', os.version: '11.6.5', java.version: '11.0.15.1'
Driver info: io.appium.java_client.AppiumDriver
Capabilities {app: /Users/tayahatum/Downloads/..., appActivity: .presentation.splashScreen...., appPackage: com.example.svetlana.scheduler, automationName: Appium, databaseEnabled: false, desired: {app: /Users/tayahatum/Downloads/..., appActivity: .presentation.splashScreen...., appPackage: com.example.svetlana.scheduler, automationName: Appium, deviceName: Nex, platformName: android, platformVersion: 8.0}, deviceApiLevel: 26, deviceManufacturer: Google, deviceModel: Android SDK built for x86, deviceName: emulator-5554, deviceScreenDensity: 480, deviceScreenSize: 1080x1920, deviceUDID: emulator-5554, javascriptEnabled: true, locationContextEnabled: false, networkConnectionEnabled: true, pixelRatio: 3, platform: LINUX, platformName: Android, platformVersion: 8.0.0, statBarHeight: 72, takesScreenshot: true, viewportRect: {height: 1704, left: 0, top: 72, width: 1080}, warnings: {}, webStorageEnabled: false}
Session ID: fca031f0-055a-4123-9e42-f031e8830bdb
*** Element info: {Using=xpath, value=//*[@resource-id='com.example.svetlana.scheduler:id/fab_main']}
11:51:03.107  INFO  manager.MyListener - After find by ---->By.xpath: //*[@resource-id='com.example.svetlana.scheduler:id/fab_main']
11:51:03.656  INFO  manager.MyListener - Before find by --->By.xpath: //*[@resource-id='com.example.svetlana.scheduler:id/fab_main']
11:51:04.113  INFO  manager.MyListener - After find by ---->By.xpath: //*[@resource-id='com.example.svetlana.scheduler:id/fab_main']
11:51:04.187  INFO  manager.MyListener - Before find by --->By.xpath: //*[@resource-id='com.example.svetlana.scheduler:id/fab_main']
11:51:05.342  INFO  manager.MyListener - After find by ---->By.xpath: //*[@resource-id='com.example.svetlana.scheduler:id/fab_main']
11:51:05.421  INFO  manager.MyListener - Before find by --->By.xpath: //*[@content-desc='Open']
11:51:06.299  INFO  manager.MyListener - After find by ---->By.xpath: //*[@content-desc='Open']
11:51:06.377  INFO  manager.MyListener - Before find by --->By.xpath: //*[@content-desc='Open']
11:51:07.028  INFO  manager.MyListener - After find by ---->By.xpath: //*[@content-desc='Open']
11:51:07.187  INFO  manager.MyListener - Before find by --->By.xpath: //*[@resource-id='com.example.svetlana.scheduler:id/nav_fr_logout']
11:51:08.880  INFO  manager.MyListener - After find by ---->By.xpath: //*[@resource-id='com.example.svetlana.scheduler:id/nav_fr_logout']
